#! c:/iverilog/bin/vvp
:ivl_version "0.10.0 (devel)" "(s20130827)";
:ivl_delay_selection "TYPICAL";
:vpi_time_precision + 0;
:vpi_module "system";
:vpi_module "vhdl_sys";
:vpi_module "v2005_math";
:vpi_module "va_math";
S_00824AF8 .scope module, "counter_tb" "counter_tb" 2 1;
 .timescale 0 0;
v0082D3E8_0 .net "CounterX", 7 0, v0082CAA0_0;  1 drivers
v0082D440_0 .net "CounterY", 7 0, v0082CBA8_0;  1 drivers
v0082D498_0 .var "clk", 0 0;
v0082D4F0_0 .var "enable", 0 0;
v0082D548_0 .net "finished", 0 0, L_00871D30;  1 drivers
v0082D5A0_0 .var "reset", 0 0;
S_00824BC8 .scope module, "U0" "clear" 2 11, 3 1 0, S_00824AF8;
 .timescale 0 0;
    .port_info 0 /OUTPUT 8 "CounterX"
    .port_info 1 /OUTPUT 8 "CounterY"
    .port_info 2 /INPUT 1 "clk"
    .port_info 3 /INPUT 1 "reset"
    .port_info 4 /INPUT 1 "enable"
    .port_info 5 /OUTPUT 1 "finished"
    .port_info 6 /OUTPUT 1 "color"
L_00871D30 .functor AND 1, L_0082D700, L_0082D7B0, C4<1>, C4<1>;
v0082CAA0_0 .var "CounterX", 7 0;
v0082CC00_0 .net "CounterXmaxed", 0 0, L_0082D5F8;  1 drivers
v0082CBA8_0 .var "CounterY", 7 0;
v0082CB50_0 .net "CounterYmaxed", 0 0, L_0082D650;  1 drivers
L_00899FC8 .functor BUFT 1, C4<10011111>, C4<0>, C4<0>, C4<0>;
v0082CC58_0 .net/2u *"_s0", 7 0, L_00899FC8;  1 drivers
L_0089A018 .functor BUFT 1, C4<00>, C4<0>, C4<0>, C4<0>;
v0082CCB0_0 .net *"_s11", 1 0, L_0089A018;  1 drivers
L_0089A040 .functor BUFT 1, C4<001>, C4<0>, C4<0>, C4<0>;
v0082CD08_0 .net/2u *"_s12", 2 0, L_0089A040;  1 drivers
v0082CD60_0 .net *"_s14", 0 0, L_0082D700;  1 drivers
v0082CDB8_0 .net *"_s16", 2 0, L_0082D758;  1 drivers
L_0089A068 .functor BUFT 1, C4<00>, C4<0>, C4<0>, C4<0>;
v0082CE10_0 .net *"_s19", 1 0, L_0089A068;  1 drivers
L_0089A090 .functor BUFT 1, C4<001>, C4<0>, C4<0>, C4<0>;
v0082CE68_0 .net/2u *"_s20", 2 0, L_0089A090;  1 drivers
v0082CEC0_0 .net *"_s22", 0 0, L_0082D7B0;  1 drivers
v0082CF18_0 .net *"_s26", 14 0, L_0082D808;  1 drivers
L_0089A0B8 .functor BUFT 1, C4<0000000>, C4<0>, C4<0>, C4<0>;
v0082CF70_0 .net *"_s29", 6 0, L_0089A0B8;  1 drivers
v0082CFC8_0 .net *"_s30", 14 0, L_008D1FF0;  1 drivers
L_0089A0E0 .functor BUFT 1, C4<0000000>, C4<0>, C4<0>, C4<0>;
v0082D020_0 .net *"_s33", 6 0, L_0089A0E0;  1 drivers
L_0089A108 .functor BUFT 1, C4<000000010100000>, C4<0>, C4<0>, C4<0>;
v0082D078_0 .net/2u *"_s34", 14 0, L_0089A108;  1 drivers
v0082D0D0_0 .net *"_s37", 14 0, L_008D2048;  1 drivers
L_00899FF0 .functor BUFT 1, C4<01110111>, C4<0>, C4<0>, C4<0>;
v0082D128_0 .net/2u *"_s4", 7 0, L_00899FF0;  1 drivers
v0082D180_0 .net *"_s8", 2 0, L_0082D6A8;  1 drivers
v0082D1D8_0 .net "address", 14 0, L_008D20A0;  1 drivers
v0082D230_0 .net "clk", 0 0, v0082D498_0;  1 drivers
o008751C4 .functor BUFZ 1, C4<z>; HiZ drive
v0082D288_0 .net "color", 0 0, o008751C4;  0 drivers
v0082D2E0_0 .net "enable", 0 0, v0082D4F0_0;  1 drivers
v0082D338_0 .net "finished", 0 0, L_00871D30;  alias, 1 drivers
v0082D390_0 .net "reset", 0 0, v0082D5A0_0;  1 drivers
E_00861380 .event posedge, v0082D230_0;
L_0082D5F8 .cmp/eq 8, v0082CAA0_0, L_00899FC8;
L_0082D650 .cmp/eq 8, v0082CBA8_0, L_00899FF0;
L_0082D6A8 .concat [ 1 2 0 0], L_0082D5F8, L_0089A018;
L_0082D700 .cmp/eq 3, L_0082D6A8, L_0089A040;
L_0082D758 .concat [ 1 2 0 0], L_0082D650, L_0089A068;
L_0082D7B0 .cmp/eq 3, L_0082D758, L_0089A090;
L_0082D808 .concat [ 8 7 0 0], v0082CAA0_0, L_0089A0B8;
L_008D1FF0 .concat [ 8 7 0 0], v0082CBA8_0, L_0089A0E0;
L_008D2048 .arith/mult 15, L_008D1FF0, L_0089A108;
L_008D20A0 .arith/sum 15, L_0082D808, L_008D2048;
    .scope S_00824BC8;
T_0 ;
    %wait E_00861380;
    %load/v 8, v0082D390_0, 1;
    %pad 9, 0, 2;
    %cmpi/u 8, 1, 3;
    %jmp/0xz  T_0.0, 4;
    %ix/load 0, 8, 0;
    %assign/v0 v0082CAA0_0, 0, 0;
    %jmp T_0.1;
T_0.0 ;
    %load/v 8, v0082CC00_0, 1;
    %jmp/0xz  T_0.2, 8;
    %ix/load 0, 8, 0;
    %assign/v0 v0082CAA0_0, 0, 0;
    %jmp T_0.3;
T_0.2 ;
    %load/v 8, v0082D2E0_0, 1;
    %pad 9, 0, 2;
    %cmpi/u 8, 1, 3;
    %jmp/0xz  T_0.4, 4;
    %ix/load 0, 1, 0;
    %load/vp0 8, v0082CAA0_0, 8;
    %ix/load 0, 8, 0;
    %assign/v0 v0082CAA0_0, 0, 8;
T_0.4 ;
T_0.3 ;
T_0.1 ;
    %jmp T_0;
    .thread T_0;
    .scope S_00824BC8;
T_1 ;
    %wait E_00861380;
    %load/v 8, v0082D390_0, 1;
    %pad 9, 0, 2;
    %cmpi/u 8, 1, 3;
    %jmp/0xz  T_1.0, 4;
    %ix/load 0, 8, 0;
    %assign/v0 v0082CBA8_0, 0, 0;
    %jmp T_1.1;
T_1.0 ;
    %load/v 8, v0082CC00_0, 1;
    %pad 9, 0, 2;
    %cmpi/u 8, 1, 3;
    %jmp/0xz  T_1.2, 4;
    %load/v 8, v0082CB50_0, 1;
    %jmp/0xz  T_1.4, 8;
    %ix/load 0, 8, 0;
    %assign/v0 v0082CBA8_0, 0, 0;
    %jmp T_1.5;
T_1.4 ;
    %load/v 8, v0082D2E0_0, 1;
    %pad 9, 0, 2;
    %cmpi/u 8, 1, 3;
    %jmp/0xz  T_1.6, 4;
    %ix/load 0, 1, 0;
    %load/vp0 8, v0082CBA8_0, 8;
    %ix/load 0, 8, 0;
    %assign/v0 v0082CBA8_0, 0, 8;
T_1.6 ;
T_1.5 ;
T_1.2 ;
T_1.1 ;
    %jmp T_1;
    .thread T_1;
    .scope S_00824AF8;
T_2 ;
    %delay 5, 0;
    %load/v 8, v0082D498_0, 1;
    %inv 8, 1;
    %set/v v0082D498_0, 8, 1;
    %jmp T_2;
    .thread T_2;
    .scope S_00824AF8;
T_3 ;
    %set/v v0082D5A0_0, 0, 1;
    %set/v v0082D4F0_0, 0, 1;
    %set/v v0082D498_0, 1, 1;
    %delay 10, 0;
    %set/v v0082D5A0_0, 1, 1;
    %delay 10, 0;
    %set/v v0082D5A0_0, 0, 1;
    %delay 10, 0;
    %set/v v0082D4F0_0, 1, 1;
    %delay 200000, 0;
    %set/v v0082D4F0_0, 0, 1;
    %delay 5, 0;
    %set/v v0082D5A0_0, 1, 1;
    %delay 200, 0;
    %set/v v0082D4F0_0, 1, 1;
    %delay 25, 0;
    %vpi_call 2 34 "$finish" {0 0};
    %end;
    .thread T_3;
    .scope S_00824AF8;
T_4 ;
    %vpi_call 2 39 "$monitor", "ticket:%g\011,enable:%b\011,reset:%b\011,x:%d\011,y:%d\011,finished :%b", $time, v0082D4F0_0, v0082D5A0_0, v0082D3E8_0, v0082D440_0, v0082D548_0 {0 0};
    %end;
    .thread T_4;
# The file index is used to find the file name in the following table.
:file_names 4;
    "N/A";
    "<interactive>";
    "counter_tb.v";
    "clear.v";
